<?xml version="1.0" encoding="UTF-8"?>
<!-- Generated by org.testng.reporters.JUnitXMLReporter -->
<testsuite hostname="Admin-PC" ignored="0" name="Default test" tests="4" failures="0" timestamp="08 九月 2017 02:08:48 GMT" time="0.049" errors="0">
  <testcase name="TestNgLearn" time="0.005" classname="com.coderdream.learn.TestNGLearn2"/>
  <testcase name="testMethod1" time="0.001" classname="com.coderdream.learn.TestNGLearn2"/>
  <testcase name="testMethod3" time="0.001" classname="com.coderdream.learn.TestNGLearn2"/>
  <testcase name="testMethod2" time="0.001" classname="com.coderdream.learn.TestNGLearn2"/>
</testsuite> <!-- Default test -->
