<?xml version="1.0" encoding="UTF-8"?>
<!-- Generated by org.testng.reporters.JUnitXMLReporter -->
<testsuite hostname="Admin-PC" ignored="0" name="Default test" tests="7" failures="0" timestamp="06 九月 2017 05:59:24 GMT" time="9.717" errors="0">
  <testcase name="testSendHtmlEmailWithImg" time="0.113" classname="com.coderdream.util.CommonsMailUtilTest"/>
  <testcase name="testSendSimpleTextEmail" time="0.38" classname="com.coderdream.util.CommonsMailUtilTest"/>
  <testcase name="testSendingEmailsWithAttachments" time="0.007" classname="com.coderdream.util.CommonsMailUtilTest"/>
  <testcase name="testSendingEmailsWithAttachmentsUseURL" time="2.819" classname="com.coderdream.util.CommonsMailUtilTest"/>
  <testcase name="testSendingHtmlFormattedEmail" time="2.356" classname="com.coderdream.util.CommonsMailUtilTest"/>
  <testcase name="testSendingHtmlFormattedEmailWithEmbeddedImages" time="3.495" classname="com.coderdream.util.CommonsMailUtilTest"/>
  <testcase name="testSendingHtmlFormattedEmail_02" time="0.517" classname="com.coderdream.util.CommonsMailUtilTest"/>
</testsuite> <!-- Default test -->
