<?xml version="1.0" encoding="UTF-8"?>
<testng-results skipped="0" failed="0" ignored="3" total="4" passed="1">
  <reporter-output>
  </reporter-output>
  <suite name="Default suite" duration-ms="33" started-at="2017-09-08T02:50:59Z" finished-at="2017-09-08T02:50:59Z">
    <groups>
    </groups>
    <test name="Default test" duration-ms="33" started-at="2017-09-08T02:50:59Z" finished-at="2017-09-08T02:50:59Z">
      <class name="com.coderdream.learn.TestNGLearn3">
        <test-method status="PASS" signature="beforeClass()[pri:0, instance:com.coderdream.learn.TestNGLearn3@4e9ba398]" name="beforeClass" is-config="true" duration-ms="9" started-at="2017-09-08T10:50:59Z" finished-at="2017-09-08T10:50:59Z">
          <reporter-output>
          </reporter-output>
        </test-method> <!-- beforeClass -->
        <test-method status="PASS" signature="testMethod1()[pri:0, instance:com.coderdream.learn.TestNGLearn3@4e9ba398]" name="testMethod1" duration-ms="8" started-at="2017-09-08T10:50:59Z" finished-at="2017-09-08T10:50:59Z">
          <reporter-output>
          </reporter-output>
        </test-method> <!-- testMethod1 -->
        <test-method status="PASS" signature="afterClass()[pri:0, instance:com.coderdream.learn.TestNGLearn3@4e9ba398]" name="afterClass" is-config="true" duration-ms="0" started-at="2017-09-08T10:50:59Z" finished-at="2017-09-08T10:50:59Z">
          <reporter-output>
          </reporter-output>
        </test-method> <!-- afterClass -->
      </class> <!-- com.coderdream.learn.TestNGLearn3 -->
    </test> <!-- Default test -->
  </suite> <!-- Default suite -->
</testng-results>
