<?xml version="1.0" encoding="UTF-8"?>
<testng-results skipped="0" failed="0" ignored="0" total="4" passed="4">
  <reporter-output>
  </reporter-output>
  <suite name="Preserve order test runs" duration-ms="34" started-at="2017-09-08T02:12:27Z" finished-at="2017-09-08T02:12:27Z">
    <groups>
    </groups>
    <test name="Regression 1" duration-ms="34" started-at="2017-09-08T02:12:27Z" finished-at="2017-09-08T02:12:27Z">
      <class name="com.coderdream.learn.TestNGLearn3">
        <test-method status="PASS" signature="beforeClass()[pri:0, instance:com.coderdream.learn.TestNGLearn3@4e9ba398]" name="beforeClass" is-config="true" duration-ms="7" started-at="2017-09-08T10:12:27Z" finished-at="2017-09-08T10:12:27Z">
          <reporter-output>
          </reporter-output>
        </test-method> <!-- beforeClass -->
        <test-method status="PASS" signature="testMethod3()[pri:0, instance:com.coderdream.learn.TestNGLearn3@4e9ba398]" name="testMethod3" duration-ms="4" started-at="2017-09-08T10:12:27Z" finished-at="2017-09-08T10:12:27Z">
          <reporter-output>
          </reporter-output>
        </test-method> <!-- testMethod3 -->
        <test-method status="PASS" signature="testMethod1()[pri:0, instance:com.coderdream.learn.TestNGLearn3@4e9ba398]" name="testMethod1" duration-ms="2" started-at="2017-09-08T10:12:27Z" finished-at="2017-09-08T10:12:27Z">
          <reporter-output>
          </reporter-output>
        </test-method> <!-- testMethod1 -->
        <test-method status="PASS" signature="testMethod2()[pri:0, instance:com.coderdream.learn.TestNGLearn3@4e9ba398]" name="testMethod2" duration-ms="1" started-at="2017-09-08T10:12:27Z" finished-at="2017-09-08T10:12:27Z">
          <reporter-output>
          </reporter-output>
        </test-method> <!-- testMethod2 -->
        <test-method status="PASS" signature="TestNgLearn()[pri:0, instance:com.coderdream.learn.TestNGLearn3@4e9ba398]" name="TestNgLearn" duration-ms="2" started-at="2017-09-08T10:12:27Z" finished-at="2017-09-08T10:12:27Z">
          <reporter-output>
          </reporter-output>
        </test-method> <!-- TestNgLearn -->
        <test-method status="PASS" signature="afterClass()[pri:0, instance:com.coderdream.learn.TestNGLearn3@4e9ba398]" name="afterClass" is-config="true" duration-ms="0" started-at="2017-09-08T10:12:27Z" finished-at="2017-09-08T10:12:27Z">
          <reporter-output>
          </reporter-output>
        </test-method> <!-- afterClass -->
      </class> <!-- com.coderdream.learn.TestNGLearn3 -->
    </test> <!-- Regression 1 -->
  </suite> <!-- Preserve order test runs -->
</testng-results>
